Arguments: 
  /usr/bin/node /usr/share/yarn/bin/yarn.js add -D husky

PATH: 
  /home/themanimal/Code/Resto/node_modules/.bin:/usr/local/sbin:/usr/local/bin:/usr/sbin:/usr/bin:/sbin:/bin:/usr/games:/usr/local/games:/snap/bin

Yarn version: 
  1.16.0

Node version: 
  10.15.3

Platform: 
  linux x64

Trace: 
  SyntaxError: /home/themanimal/.cache/yarn/v4/npm-find-up-3.0.0-49169f1d7993430646da61ecc5ae355c21c97b73/node_modules/find-up/.yarn-metadata.json: Unexpected end of JSON input
      at JSON.parse (<anonymous>)
      at /usr/share/yarn/lib/cli.js:1625:59
      at Generator.next (<anonymous>)
      at step (/usr/share/yarn/lib/cli.js:304:30)
      at /usr/share/yarn/lib/cli.js:315:13

npm manifest: 
  No manifest

yarn manifest: 
  No manifest

Lockfile: 
  No lockfile
